


ARM Macro Assembler    Page 1 


    1 00000000         ; SysTick.s
    2 00000000         ; Module written by: **-UUU-*Your Names**update this***
    3 00000000         ; Date Created: 2/14/2017
    4 00000000         ; Last Modified: 8/29/2018 
    5 00000000         ; Brief Description: Initializes SysTick
    6 00000000         
    7 00000000 E000E010 
                       NVIC_ST_CTRL_R
                               EQU              0xE000E010
    8 00000000 E000E014 
                       NVIC_ST_RELOAD_R
                               EQU              0xE000E014
    9 00000000 E000E018 
                       NVIC_ST_CURRENT_R
                               EQU              0xE000E018
   10 00000000         
   11 00000000                 AREA             |.text|, CODE, READONLY, ALIGN=
2
   12 00000000                 THUMB
   13 00000000         ; -UUU- You add code here to export your routine(s) from
                        SysTick.s to main.s
   14 00000000                 EXPORT           SysTick_Init
   15 00000000         ;------------SysTick_Init------------
   16 00000000         ; ;-UUU-Complete this subroutine
   17 00000000         ; Initialize SysTick running at bus clock.
   18 00000000         ; Make it so NVIC_ST_CURRENT_R can be used as a 24-bit t
                       ime
   19 00000000         ; Input: none
   20 00000000         ; Output: none
   21 00000000         ; Modifies: ??
   22 00000000         SysTick_Init
   23 00000000         ; **-UUU-**Implement this function****
   24 00000000 480A            LDR              R0, = NVIC_ST_CTRL_R ;disabling
                                                             Systick for set up
                                                            
   25 00000002 6801            LDR              R1, [R0]
   26 00000004 F001 0100       AND              R1, #0x00
   27 00000008 6001            STR              R1, [R0]
   28 0000000A         
   29 0000000A 4809            LDR              R0, = NVIC_ST_RELOAD_R ;setting
                                                             the reload to max 
                                                            reload to allow for
                                                             the counter to sim
                                                            ply be an indicator
                                                             what count it is o
                                                            n
   30 0000000C 6801            LDR              R1, [R0]
   31 0000000E F021 417F       AND              R1, #0x00FFFFFF
   32 00000012 6001            STR              R1, [R0]
   33 00000014         
   34 00000014 4807            LDR              R0, = NVIC_ST_CURRENT_R ;this s
                                                            tates that if you w
                                                            ere to write to thi
                                                            s then the value of
                                                             current will clear
                                                             and the count flag
                                                             will clear to zero
                                                            
   35 00000016 6801            LDR              R1, [R0]



ARM Macro Assembler    Page 2 


   36 00000018 F001 0100       AND              R1, #0x00
   37 0000001C 6001            STR              R1, [R0]
   38 0000001E         
   39 0000001E 4803            LDR              R0, = NVIC_ST_CTRL_R ;enables t
                                                            he systick clock to
                                                             the core clock so 
                                                            it will decrement c
                                                            orrectly
   40 00000020 6801            LDR              R1, [R0]
   41 00000022 F041 0105       ORR              R1, #0x00000005
   42 00000026 6001            STR              R1, [R0]
   43 00000028 4770            BX               LR          ; return
   44 0000002A         
   45 0000002A         
   46 0000002A 00 00           ALIGN                        ; make sure the end
                                                             of this section is
                                                             aligned
   47 0000002C                 END                          ; end of file
              E000E010 
              E000E014 
              E000E018 
Command Line: --debug --xref --diag_suppress=9931 --cpu=Cortex-M4 --apcs=interw
ork --depend=.\systick.d -o.\systick.o -I.\RTE\_Lab4 -IC:\Keil_v5\ARM\PACK\ARM\
CMSIS\5.4.0\CMSIS\Core\Include -IC:\Keil_v5\ARM\PACK\Keil\TM4C_DFP\1.1.0\Device
\Include\TM4C123 --predefine="__EVAL SETA 1" --predefine="__UVISION_VERSION SET
A 526" --predefine="_RTE_ SETA 1" --predefine="TM4C123GH6PM SETA 1" --list=.\sy
stick.lst SysTick.s



ARM Macro Assembler    Page 1 Alphabetic symbol ordering
Relocatable symbols

.text 00000000

Symbol: .text
   Definitions
      At line 11 in file SysTick.s
   Uses
      None
Comment: .text unused
SysTick_Init 00000000

Symbol: SysTick_Init
   Definitions
      At line 22 in file SysTick.s
   Uses
      At line 14 in file SysTick.s
Comment: SysTick_Init used once
2 symbols



ARM Macro Assembler    Page 1 Alphabetic symbol ordering
Absolute symbols

NVIC_ST_CTRL_R E000E010

Symbol: NVIC_ST_CTRL_R
   Definitions
      At line 7 in file SysTick.s
   Uses
      At line 24 in file SysTick.s
      At line 39 in file SysTick.s

NVIC_ST_CURRENT_R E000E018

Symbol: NVIC_ST_CURRENT_R
   Definitions
      At line 9 in file SysTick.s
   Uses
      At line 34 in file SysTick.s
Comment: NVIC_ST_CURRENT_R used once
NVIC_ST_RELOAD_R E000E014

Symbol: NVIC_ST_RELOAD_R
   Definitions
      At line 8 in file SysTick.s
   Uses
      At line 29 in file SysTick.s
Comment: NVIC_ST_RELOAD_R used once
3 symbols
341 symbols in table
